[0m17:44:27.966124 [debug] [MainThread]: Sending event: {'category': 'dbt', 'action': 'invocation', 'label': 'start', 'context': [<snowplow_tracker.self_describing_json.SelfDescribingJson object at 0x70a9a1d12fd0>, <snowplow_tracker.self_describing_json.SelfDescribingJson object at 0x70a99f145bd0>, <snowplow_tracker.self_describing_json.SelfDescribingJson object at 0x70a99ec7f210>]}


============================== 17:44:27.973670 | ca615416-2683-4c2f-a492-2d8ef2bb6490 ==============================
[0m17:44:27.973670 [info ] [MainThread]: Running with dbt=1.11.11
[0m17:44:27.974332 [debug] [MainThread]: running dbt with arguments {'use_colors': 'True', 'introspect': 'True', 'printer_width': '80', 'invocation_command': 'dbt debug', 'log_cache_events': 'False', 'indirect_selection': 'eager', 'write_json': 'True', 'profiles_dir': '/root/.dbt', 'log_format': 'default', 'empty': 'None', 'target_path': 'None', 'send_anonymous_usage_stats': 'True', 'warn_error': 'None', 'version_check': 'True', 'cache_selected_only': 'False', 'log_path': 'logs', 'quiet': 'False', 'fail_fast': 'False', 'partial_parse': 'True', 'static_parser': 'True', 'no_print': 'None', 'debug': 'False', 'use_experimental_parser': 'False', 'warn_error_options': 'WarnErrorOptionsV2(error=[], warn=[], silence=[])'}
[0m17:44:27.984910 [info ] [MainThread]: dbt version: 1.11.11
[0m17:44:27.985436 [info ] [MainThread]: python version: 3.11.15
[0m17:44:27.987365 [info ] [MainThread]: python path: /usr/local/bin/python3.11
[0m17:44:27.987831 [info ] [MainThread]: os info: Linux-6.17.0-35-generic-x86_64-with-glibc2.41
[0m17:44:27.988296 [info ] [MainThread]: Using profiles dir at /root/.dbt
[0m17:44:27.988690 [info ] [MainThread]: Using profiles.yml file at /root/.dbt/profiles.yml
[0m17:44:27.989046 [info ] [MainThread]: Using dbt_project.yml file at /usr/app/dbt_project.yml
[0m17:44:27.989398 [info ] [MainThread]: Configuration:
[0m17:44:27.989697 [info ] [MainThread]:   profiles.yml file [[31mERROR not found[0m]
[0m17:44:27.989886 [info ] [MainThread]:   dbt_project.yml file [[31mERROR not found[0m]
[0m17:44:27.990033 [info ] [MainThread]: Required dependencies:
[0m17:44:27.990193 [debug] [MainThread]: Executing "git --help"
[0m17:44:27.992190 [debug] [MainThread]: STDOUT: "b"usage: git [-v | --version] [-h | --help] [-C <path>] [-c <name>=<value>]\n           [--exec-path[=<path>]] [--html-path] [--man-path] [--info-path]\n           [-p | --paginate | -P | --no-pager] [--no-replace-objects] [--no-lazy-fetch]\n           [--no-optional-locks] [--no-advice] [--bare] [--git-dir=<path>]\n           [--work-tree=<path>] [--namespace=<name>] [--config-env=<name>=<envvar>]\n           <command> [<args>]\n\nThese are common Git commands used in various situations:\n\nstart a working area (see also: git help tutorial)\n   clone     Clone a repository into a new directory\n   init      Create an empty Git repository or reinitialize an existing one\n\nwork on the current change (see also: git help everyday)\n   add       Add file contents to the index\n   mv        Move or rename a file, a directory, or a symlink\n   restore   Restore working tree files\n   rm        Remove files from the working tree and from the index\n\nexamine the history and state (see also: git help revisions)\n   bisect    Use binary search to find the commit that introduced a bug\n   diff      Show changes between commits, commit and working tree, etc\n   grep      Print lines matching a pattern\n   log       Show commit logs\n   show      Show various types of objects\n   status    Show the working tree status\n\ngrow, mark and tweak your common history\n   branch    List, create, or delete branches\n   commit    Record changes to the repository\n   merge     Join two or more development histories together\n   rebase    Reapply commits on top of another base tip\n   reset     Reset current HEAD to the specified state\n   switch    Switch branches\n   tag       Create, list, delete or verify a tag object signed with GPG\n\ncollaborate (see also: git help workflows)\n   fetch     Download objects and refs from another repository\n   pull      Fetch from and integrate with another repository or a local branch\n   push      Update remote refs along with associated objects\n\n'git help -a' and 'git help -g' list available subcommands and some\nconcept guides. See 'git help <command>' or 'git help <concept>'\nto read about a specific subcommand or concept.\nSee 'git help git' for an overview of the system.\n""
[0m17:44:27.992838 [debug] [MainThread]: STDERR: "b''"
[0m17:44:27.993222 [info ] [MainThread]:  - git [[32mOK found[0m]

[0m17:44:27.993661 [info ] [MainThread]: Connection test skipped since no profile was found
[0m17:44:27.994146 [info ] [MainThread]: [31m2 checks failed:[0m
[0m17:44:27.994541 [info ] [MainThread]: dbt looked for a profiles.yml file in /root/.dbt/profiles.yml, but did
not find one. For more information on configuring your profile, consult the
documentation:

https://docs.getdbt.com/docs/configure-your-profile


[0m17:44:27.994941 [info ] [MainThread]: Project loading failed for the following reason:
 project path </usr/app/dbt_project.yml> not found

[0m17:44:27.996156 [debug] [MainThread]: Resource report: {"command_name": "debug", "command_success": false, "command_wall_clock_time": 0.0706668, "process_in_blocks": "16", "process_kernel_time": 0.109453, "process_mem_max_rss": "107168", "process_out_blocks": "2760", "process_user_time": 1.017915}
[0m17:44:27.996716 [debug] [MainThread]: Command `dbt debug` failed at 17:44:27.996587 after 0.07 seconds
[0m17:44:27.997138 [debug] [MainThread]: Sending event: {'category': 'dbt', 'action': 'invocation', 'label': 'end', 'context': [<snowplow_tracker.self_describing_json.SelfDescribingJson object at 0x70a99eb4de50>, <snowplow_tracker.self_describing_json.SelfDescribingJson object at 0x70a99ea465d0>, <snowplow_tracker.self_describing_json.SelfDescribingJson object at 0x70a99ece8050>]}
[0m17:44:27.997588 [debug] [MainThread]: Flushing usage events
[0m17:44:29.142812 [debug] [MainThread]: An error was encountered while trying to flush usage events
[0m17:44:49.558291 [debug] [MainThread]: Sending event: {'category': 'dbt', 'action': 'invocation', 'label': 'start', 'context': [<snowplow_tracker.self_describing_json.SelfDescribingJson object at 0x72e35c6d5290>, <snowplow_tracker.self_describing_json.SelfDescribingJson object at 0x72e35c91e510>, <snowplow_tracker.self_describing_json.SelfDescribingJson object at 0x72e35c6ba310>]}


============================== 17:44:49.562064 | b774d6b6-0c70-407a-bad5-2ba173518547 ==============================
[0m17:44:49.562064 [info ] [MainThread]: Running with dbt=1.11.11
[0m17:44:49.562760 [debug] [MainThread]: running dbt with arguments {'fail_fast': 'False', 'version_check': 'True', 'write_json': 'True', 'log_cache_events': 'False', 'use_experimental_parser': 'False', 'no_print': 'None', 'introspect': 'True', 'warn_error_options': 'WarnErrorOptionsV2(error=[], warn=[], silence=[])', 'static_parser': 'True', 'send_anonymous_usage_stats': 'True', 'log_path': 'logs', 'empty': 'None', 'partial_parse': 'True', 'use_colors': 'True', 'target_path': 'None', 'cache_selected_only': 'False', 'log_format': 'default', 'debug': 'False', 'quiet': 'False', 'printer_width': '80', 'warn_error': 'None', 'invocation_command': 'dbt init', 'indirect_selection': 'eager', 'profiles_dir': '/root/.dbt'}
[0m17:44:49.569170 [info ] [MainThread]: Creating dbt configuration folder at /root/.dbt
[0m17:44:59.388728 [debug] [MainThread]: Starter project path: /usr/local/lib/python3.11/site-packages/dbt/include/starter_project
[0m17:44:59.395362 [info ] [MainThread]: 
Your new dbt project "telecom" was created!

For more information on how to configure the profiles.yml file,
please consult the dbt documentation here:

  https://docs.getdbt.com/docs/configure-your-profile

One more thing:

Need help? Don't hesitate to reach out to us via GitHub issues or on Slack:

  https://community.getdbt.com/

Happy modeling!

[0m17:44:59.396247 [info ] [MainThread]: Setting up your profile.
[0m17:46:04.021755 [info ] [MainThread]: Profile telecom written to /root/.dbt/profiles.yml using target's profile_template.yml and your supplied values. Run 'dbt debug' to validate the connection.
[0m17:46:04.023310 [debug] [MainThread]: Resource report: {"command_name": "init", "command_success": true, "command_wall_clock_time": 74.50467, "process_in_blocks": "0", "process_kernel_time": 0.108312, "process_mem_max_rss": "111108", "process_out_blocks": "80", "process_user_time": 0.913564}
[0m17:46:04.023965 [debug] [MainThread]: Command `dbt init` succeeded at 17:46:04.023813 after 74.51 seconds
[0m17:46:04.024416 [debug] [MainThread]: Sending event: {'category': 'dbt', 'action': 'invocation', 'label': 'end', 'context': [<snowplow_tracker.self_describing_json.SelfDescribingJson object at 0x72e35c78cbd0>, <snowplow_tracker.self_describing_json.SelfDescribingJson object at 0x72e35c5f5150>, <snowplow_tracker.self_describing_json.SelfDescribingJson object at 0x72e35c5f5010>]}
[0m17:46:04.024913 [debug] [MainThread]: Flushing usage events
[0m17:46:06.012880 [debug] [MainThread]: An error was encountered while trying to flush usage events
